.
├── BACKUP
│   ├── diagrams_backup_2025-03-03_21-35-31.tar.gz
│   └── diagrams_backup_20250303_210556.tar.gz
├── CODE
│   ├── plant.py
│   └── py1.py
├── DATA
│   ├── FIle_1.txt
│   ├── File_2.txt
│   ├── img1.jpg
│   ├── img2.jpg
│   ├── img3.jpg
│   └── plants.csv
├── DOWNLOADS
│   └── LINUX_COURSE_WORK-downloads
│       ├── FIle_1.txt
│       ├── File_2.txt
│       ├── img1.jpg
│       ├── img2.jpg
│       ├── img3.jpg
│       ├── plant.py
│       ├── plants.csv
│       └── py1.py
├── README.md
└── WORK
    ├── Q1
    │   ├── git_commits.log
    │   ├── linux_history.log
    │   ├── q1_output.txt
    │   └── working_tree.log
    ├── Q2
    │   ├── 1_Diagrams
    │   │   ├── Rose_histogram.png
    │   │   ├── Rose_line_plot.png
    │   │   └── Rose_scatter.png
    │   ├── 2_Diagrams
    │   │   ├── Rose_histogram.png
    │   │   ├── Rose_line_plot.png
    │   │   └── Rose_scatter.png
    │   ├── git_commits.log
    │   ├── linux_history.log
    │   ├── plant.py
    │   ├── plant_v2.py
    │   ├── requirements.txt
    │   └── working_tree.log
    ├── Q3
    │   ├── leaf_avg.py
    │   ├── linux_history.log
    │   ├── menu.sh
    │   ├── plant_v2.py
    │   ├── plants
    │   └── working_tree.log
    ├── Q4
    └── Q5

14 directories, 41 files
